#
# There is insufficient memory for the Java Runtime Environment to continue.
# Native memory allocation (malloc) failed to allocate 2044096 bytes for Chunk::new
# Possible reasons:
#   The system is out of physical RAM or swap space
#   In 32 bit mode, the process size limit was hit
# Possible solutions:
#   Reduce memory load on the system
#   Increase physical memory or swap space
#   Check if swap backing store is full
#   Use 64 bit Java on a 64 bit OS
#   Decrease Java heap size (-Xmx/-Xms)
#   Decrease number of Java threads
#   Decrease Java thread stack sizes (-Xss)
#   Set larger code cache with -XX:ReservedCodeCacheSize=
# This output file may be truncated or incomplete.
#
#  Out of Memory Error (allocation.cpp:323), pid=6096, tid=1308
#
# JRE version: Java(TM) SE Runtime Environment (7.0_67-b01) (build 1.7.0_67-b01)
# Java VM: Java HotSpot(TM) 64-Bit Server VM (24.65-b04 mixed mode windows-amd64 compressed oops)
# Failed to write core dump. Minidumps are not enabled by default on client versions of Windows
#

---------------  T H R E A D  ---------------

Current thread (0x000000000a9df000):  JavaThread "C2 CompilerThread0" daemon [_thread_in_native, id=1308, stack(0x000000000bf30000,0x000000000c030000)]

Stack: [0x000000000bf30000,0x000000000c030000]
[error occurred during error reporting (printing stack bounds), id 0xc0000005]


[error occurred during error reporting (printing native stack), id 0xc0000005]


Current CompileTask:
C2:  66472  542             com.android.sdklib.devices.DeviceParser$DeviceHandler::endElement (2430 bytes)


---------------  P R O C E S S  ---------------

Java Threads: ( => current thread )
  0x000000000a9f4000 JavaThread "Service Thread" daemon [_thread_blocked, id=2840, stack(0x000000000c130000,0x000000000c230000)]
  0x000000000a9ed000 JavaThread "C2 CompilerThread1" daemon [_thread_in_native, id=10312, stack(0x000000000c030000,0x000000000c130000)]
=>0x000000000a9df000 JavaThread "C2 CompilerThread0" daemon [_thread_in_native, id=1308, stack(0x000000000bf30000,0x000000000c030000)]
  0x000000000a9de000 JavaThread "Attach Listener" daemon [_thread_blocked, id=712, stack(0x000000000be30000,0x000000000bf30000)]
  0x000000000a9db800 JavaThread "Signal Dispatcher" daemon [_thread_blocked, id=10208, stack(0x000000000bd30000,0x000000000be30000)]
  0x000000000a990000 JavaThread "Finalizer" daemon [_thread_blocked, id=10080, stack(0x000000000bc30000,0x000000000bd30000)]
  0x000000000a986800 JavaThread "Reference Handler" daemon [_thread_blocked, id=9416, stack(0x000000000bb30000,0x000000000bc30000)]
  0x00000000024de000 JavaThread "main" [_thread_in_Java, id=5384, stack(0x0000000002340000,0x0000000002440000)]

Other Threads:
  0x000000000a981800 VMThread [stack: 0x000000000ba30000,0x000000000bb30000] [id=10840]
  0x000000000aa0e000 WatcherThread [stack: 0x000000000c230000,0x000000000c330000] [id=1704]

VM state:not at safepoint (normal execution)

VM Mutex/Monitor currently owned by a thread: None

Heap
 PSYoungGen      total 29184K, used 8622K [0x00000007d5500000, 0x00000007d7b00000, 0x0000000800000000)
  eden space 23552K, 13% used [0x00000007d5500000,0x00000007d5814838,0x00000007d6c00000)
  from space 5632K, 97% used [0x00000007d6c80000,0x00000007d71d72a8,0x00000007d7200000)
  to   space 7680K, 0% used [0x00000007d7380000,0x00000007d7380000,0x00000007d7b00000)
 ParOldGen       total 64000K, used 10602K [0x0000000780000000, 0x0000000783e80000, 0x00000007d5500000)
  object space 64000K, 16% used [0x0000000780000000,0x0000000780a5aa68,0x0000000783e80000)
 PSPermGen       total 21504K, used 15035K [0x000000077ae00000, 0x000000077c300000, 0x0000000780000000)
  object space 21504K, 69% used [0x000000077ae00000,0x000000077bcaeca8,0x000000077c300000)

Card table byte_map: [0x00000000056a0000,0x0000000005ad0000] byte_map_base: 0x0000000001ac9000

Polling page: 0x00000000006c0000

Code Cache  [0x00000000025e0000, 0x0000000002850000, 0x00000000055e0000)
 total_blobs=858 nmethods=522 adapters=288 free_code_cache=47156Kb largest_free_block=48233728

Compilation events (10 events):
Event: 66.064 Thread 0x000000000a9df000  542             com.android.sdklib.devices.DeviceParser$DeviceHandler::endElement (2430 bytes)
Event: 66.102 Thread 0x000000000a9ed000  543             com.sun.org.apache.xerces.internal.impl.validation.ValidationState::getSymbol (21 bytes)
Event: 66.103 Thread 0x000000000a9ed000 nmethod 543 0x000000000275cb90 code [0x000000000275cce0, 0x000000000275cd88]
Event: 66.104 Thread 0x000000000a9ed000  544             com.sun.org.apache.xerces.internal.util.SymbolHash::search (34 bytes)
Event: 66.107 Thread 0x000000000a9ed000 nmethod 544 0x000000000275c710 code [0x000000000275c860, 0x000000000275ca58]
Event: 66.111 Thread 0x000000000a9ed000  545             com.sun.org.apache.xerces.internal.impl.xs.SubstitutionGroupHandler::getSubstitutionGroup (162 bytes)
Event: 66.161 Thread 0x000000000a9ed000 nmethod 545 0x00000000027ce010 code [0x00000000027ce200, 0x00000000027cf4d8]
Event: 66.161 Thread 0x000000000a9ed000  546             com.sun.org.apache.xerces.internal.impl.xs.XMLSchemaValidator::handleEndElement (933 bytes)
Event: 66.211 Thread 0x000000000a9ed000 nmethod 546 0x00000000027d0410 code [0x00000000027d06e0, 0x00000000027d1bb8]
Event: 66.211 Thread 0x000000000a9ed000  547   !         com.sun.org.apache.xerces.internal.impl.xs.XMLSchemaValidator::handleStartElement (1451 bytes)

GC Heap History (10 events):
Event: 9.108 GC heap before
{Heap before GC invocations=3 (full 0):
 PSYoungGen      total 28672K, used 28666K [0x00000007d5500000, 0x00000007d7480000, 0x0000000800000000)
  eden space 25088K, 100% used [0x00000007d5500000,0x00000007d6d80000,0x00000007d6d80000)
  from space 3584K, 99% used [0x00000007d7100000,0x00000007d747e818,0x00000007d7480000)
  to   space 3584K, 0% used [0x00000007d6d80000,0x00000007d6d80000,0x00000007d7100000)
 ParOldGen       total 64000K, used 1944K [0x0000000780000000, 0x0000000783e80000, 0x00000007d5500000)
  object space 64000K, 3% used [0x0000000780000000,0x00000007801e60a8,0x0000000783e80000)
 PSPermGen       total 21504K, used 11446K [0x000000077ae00000, 0x000000077c300000, 0x0000000780000000)
  object space 21504K, 53% used [0x000000077ae00000,0x000000077b92d850,0x000000077c300000)
Event: 9.117 GC heap after
Heap after GC invocations=3 (full 0):
 PSYoungGen      total 28672K, used 3573K [0x00000007d5500000, 0x00000007d7480000, 0x0000000800000000)
  eden space 25088K, 0% used [0x00000007d5500000,0x00000007d5500000,0x00000007d6d80000)
  from space 3584K, 99% used [0x00000007d6d80000,0x00000007d70fd440,0x00000007d7100000)
  to   space 3584K, 0% used [0x00000007d7100000,0x00000007d7100000,0x00000007d7480000)
 ParOldGen       total 64000K, used 4866K [0x0000000780000000, 0x0000000783e80000, 0x00000007d5500000)
  object space 64000K, 7% used [0x0000000780000000,0x00000007804c0800,0x0000000783e80000)
 PSPermGen       total 21504K, used 11446K [0x000000077ae00000, 0x000000077c300000, 0x0000000780000000)
  object space 21504K, 53% used [0x000000077ae00000,0x000000077b92d850,0x000000077c300000)
}
Event: 11.146 GC heap before
{Heap before GC invocations=4 (full 0):
 PSYoungGen      total 28672K, used 28661K [0x00000007d5500000, 0x00000007d7480000, 0x0000000800000000)
  eden space 25088K, 100% used [0x00000007d5500000,0x00000007d6d80000,0x00000007d6d80000)
  from space 3584K, 99% used [0x00000007d6d80000,0x00000007d70fd440,0x00000007d7100000)
  to   space 3584K, 0% used [0x00000007d7100000,0x00000007d7100000,0x00000007d7480000)
 ParOldGen       total 64000K, used 4866K [0x0000000780000000, 0x0000000783e80000, 0x00000007d5500000)
  object space 64000K, 7% used [0x0000000780000000,0x00000007804c0800,0x0000000783e80000)
 PSPermGen       total 21504K, used 14010K [0x000000077ae00000, 0x000000077c300000, 0x0000000780000000)
  object space 21504K, 65% used [0x000000077ae00000,0x000000077bbae918,0x000000077c300000)
Event: 11.160 GC heap after
Heap after GC invocations=4 (full 0):
 PSYoungGen      total 28672K, used 3564K [0x00000007d5500000, 0x00000007d7480000, 0x0000000800000000)
  eden space 25088K, 0% used [0x00000007d5500000,0x00000007d5500000,0x00000007d6d80000)
  from space 3584K, 99% used [0x00000007d7100000,0x00000007d747b2b0,0x00000007d7480000)
  to   space 3584K, 0% used [0x00000007d6d80000,0x00000007d6d80000,0x00000007d7100000)
 ParOldGen       total 64000K, used 8640K [0x0000000780000000, 0x0000000783e80000, 0x00000007d5500000)
  object space 64000K, 13% used [0x0000000780000000,0x0000000780870008,0x0000000783e80000)
 PSPermGen       total 21504K, used 14010K [0x000000077ae00000, 0x000000077c300000, 0x0000000780000000)
  object space 21504K, 65% used [0x000000077ae00000,0x000000077bbae918,0x000000077c300000)
}
Event: 12.547 GC heap before
{Heap before GC invocations=5 (full 0):
 PSYoungGen      total 28672K, used 28652K [0x00000007d5500000, 0x00000007d7480000, 0x0000000800000000)
  eden space 25088K, 100% used [0x00000007d5500000,0x00000007d6d80000,0x00000007d6d80000)
  from space 3584K, 99% used [0x00000007d7100000,0x00000007d747b2b0,0x00000007d7480000)
  to   space 3584K, 0% used [0x00000007d6d80000,0x00000007d6d80000,0x00000007d7100000)
 ParOldGen       total 64000K, used 8640K [0x0000000780000000, 0x0000000783e80000, 0x00000007d5500000)
  object space 64000K, 13% used [0x0000000780000000,0x0000000780870008,0x0000000783e80000)
 PSPermGen       total 21504K, used 14084K [0x000000077ae00000, 0x000000077c300000, 0x0000000780000000)
  object space 21504K, 65% used [0x000000077ae00000,0x000000077bbc13e0,0x000000077c300000)
Event: 12.556 GC heap after
Heap after GC invocations=5 (full 0):
 PSYoungGen      total 28160K, used 3559K [0x00000007d5500000, 0x00000007d7d00000, 0x0000000800000000)
  eden space 24576K, 0% used [0x00000007d5500000,0x00000007d5500000,0x00000007d6d00000)
  from space 3584K, 99% used [0x00000007d6d80000,0x00000007d70f9eb0,0x00000007d7100000)
  to   space 8192K, 0% used [0x00000007d7500000,0x00000007d7500000,0x00000007d7d00000)
 ParOldGen       total 64000K, used 10035K [0x0000000780000000, 0x0000000783e80000, 0x00000007d5500000)
  object space 64000K, 15% used [0x0000000780000000,0x00000007809ccc08,0x0000000783e80000)
 PSPermGen       total 21504K, used 14084K [0x000000077ae00000, 0x000000077c300000, 0x0000000780000000)
  object space 21504K, 65% used [0x000000077ae00000,0x000000077bbc13e0,0x000000077c300000)
}
Event: 63.585 GC heap before
{Heap before GC invocations=6 (full 0):
 PSYoungGen      total 28160K, used 28135K [0x00000007d5500000, 0x00000007d7d00000, 0x0000000800000000)
  eden space 24576K, 100% used [0x00000007d5500000,0x00000007d6d00000,0x00000007d6d00000)
  from space 3584K, 99% used [0x00000007d6d80000,0x00000007d70f9eb0,0x00000007d7100000)
  to   space 8192K, 0% used [0x00000007d7500000,0x00000007d7500000,0x00000007d7d00000)
 ParOldGen       total 64000K, used 10035K [0x0000000780000000, 0x0000000783e80000, 0x00000007d5500000)
  object space 64000K, 15% used [0x0000000780000000,0x00000007809ccc08,0x0000000783e80000)
 PSPermGen       total 21504K, used 14956K [0x000000077ae00000, 0x000000077c300000, 0x0000000780000000)
  object space 21504K, 69% used [0x000000077ae00000,0x000000077bc9b248,0x000000077c300000)
Event: 63.593 GC heap after
Heap after GC invocations=6 (full 0):
 PSYoungGen      total 30720K, used 5382K [0x00000007d5500000, 0x00000007d7b80000, 0x0000000800000000)
  eden space 24064K, 0% used [0x00000007d5500000,0x00000007d5500000,0x00000007d6c80000)
  from space 6656K, 80% used [0x00000007d7500000,0x00000007d7a41848,0x00000007d7b80000)
  to   space 7680K, 0% used [0x00000007d6c80000,0x00000007d6c80000,0x00000007d7400000)
 ParOldGen       total 64000K, used 10043K [0x0000000780000000, 0x0000000783e80000, 0x00000007d5500000)
  object space 64000K, 15% used [0x0000000780000000,0x00000007809cec08,0x0000000783e80000)
 PSPermGen       total 21504K, used 14956K [0x000000077ae00000, 0x000000077c300000, 0x0000000780000000)
  object space 21504K, 69% used [0x000000077ae00000,0x000000077bc9b248,0x000000077c300000)
}
Event: 66.360 GC heap before
{Heap before GC invocations=7 (full 0):
 PSYoungGen      total 30720K, used 29446K [0x00000007d5500000, 0x00000007d7b80000, 0x0000000800000000)
  eden space 24064K, 100% used [0x00000007d5500000,0x00000007d6c80000,0x00000007d6c80000)
  from space 6656K, 80% used [0x00000007d7500000,0x00000007d7a41848,0x00000007d7b80000)
  to   space 7680K, 0% used [0x00000007d6c80000,0x00000007d6c80000,0x00000007d7400000)
 ParOldGen       total 64000K, used 10043K [0x0000000780000000, 0x0000000783e80000, 0x00000007d5500000)
  object space 64000K, 15% used [0x0000000780000000,0x00000007809cec08,0x0000000783e80000)
 PSPermGen       total 21504K, used 15028K [0x000000077ae00000, 0x000000077c300000, 0x0000000780000000)
  object space 21504K, 69% used [0x000000077ae00000,0x000000077bcad250,0x000000077c300000)
Event: 66.373 GC heap after
Heap after GC invocations=7 (full 0):
 PSYoungGen      total 29184K, used 5468K [0x00000007d5500000, 0x00000007d7b00000, 0x0000000800000000)
  eden space 23552K, 0% used [0x00000007d5500000,0x00000007d5500000,0x00000007d6c00000)
  from space 5632K, 97% used [0x00000007d6c80000,0x00000007d71d72a8,0x00000007d7200000)
  to   space 7680K, 0% used [0x00000007d7380000,0x00000007d7380000,0x00000007d7b00000)
 ParOldGen       total 64000K, used 10602K [0x0000000780000000, 0x0000000783e80000, 0x00000007d5500000)
  object space 64000K, 16% used [0x0000000780000000,0x0000000780a5aa68,0x0000000783e80000)
 PSPermGen       total 21504K, used 15028K [0x000000077ae00000, 0x000000077c300000, 0x0000000780000000)
  object space 21504K, 69% used [0x000000077ae00000,0x000000077bcad250,0x000000077c300000)
}

Deoptimization events (10 events):
Event: 26.740 Thread 0x00000000024de000 Uncommon trap: reason=class_check action=maybe_recompile pc=0x00000000027724c0 method=java.util.Formatter.format(Ljava/util/Locale;Ljava/lang/String;[Ljava/lang/Object;)Ljava/util/Formatter; @ 76
Event: 49.483 Thread 0x00000000024de000 Uncommon trap: reason=class_check action=maybe_recompile pc=0x00000000027ba588 method=com.android.sdklib.internal.repository.archives.ArchiveInstaller.unzipFolder(Lcom/android/sdklib/internal/repository/archives/ArchiveReplacement;Ljava/io/File;Ljava/io/Fi
Event: 50.248 Thread 0x00000000024de000 Uncommon trap: reason=class_check action=maybe_recompile pc=0x00000000027ba588 method=com.android.sdklib.internal.repository.archives.ArchiveInstaller.unzipFolder(Lcom/android/sdklib/internal/repository/archives/ArchiveReplacement;Ljava/io/File;Ljava/io/Fi×Í+£I@
Event: 51.275 Thread 0x00000000024de000 Uncommon trap: reason=class_check action=maybe_recompile pc=0x00000000027ba588 method=com.android.sdklib.internal.repository.archives.ArchiveInstaller.unzipFolder(Lcom/android/sdklib/internal/repository/archives/ArchiveReplacement;Ljava/io/File;Ljava/io/Fi2îDØ`ÆI@
Event: 51.550 Thread 0x00000000024de000 Uncommon trap: reason=class_check action=maybe_recompile pc=0x00000000027ba588 method=com.android.sdklib.internal.repository.archives.ArchiveInstaller.unzipFolder(Lcom/android/sdklib/internal/repository/archives/ArchiveReplacement;Ljava/io/File;Ljava/io/FiõSPRvK@
Event: 54.924 Thread 0x00000000024de000 Uncommon trap: reason=predicate action=maybe_recompile pc=0x00000000027a8cd0 method=java.util.Arrays.fill([Ljava/lang/Object;Ljava/lang/Object;)V @ 10
Event: 54.985 Thread 0x00000000024de000 Uncommon trap: reason=array_check action=maybe_recompile pc=0x00000000027978b4 method=java.util.Arrays.fill([Ljava/lang/Object;Ljava/lang/Object;)V @ 13
Event: 54.985 Thread 0x00000000024de000 Uncommon trap: reason=array_check action=maybe_recompile pc=0x00000000027978b4 method=java.util.Arrays.fill([Ljava/lang/Object;Ljava/lang/Object;)V @ 13
Event: 54.986 Thread 0x00000000024de000 Uncommon trap: reason=array_check action=maybe_recompile pc=0x00000000027978b4 method=java.util.Arrays.fill([Ljava/lang/Object;Ljava/lang/Object;)V @ 13
Event: 54.986 Thread 0x00000000024de000 Uncommon trap: reason=array_check action=maybe_recompile pc=0x00000000027978b4 method=java.util.Arrays.fill([Ljava/lang/Object;Ljava/lang/Object;)V @ 13

Internal exceptions (10 events):
Event: 61.602 Thread 0x00000000024de000 Threw 0x00000007d6576888 at C:\re\jdk7u67\1368\hotspot\src\share\vm\prims\jvm.cpp:1244
Event: 61.602 Thread 0x00000000024de000 Threw 0x00000007d6576fd8 at C:\re\jdk7u67\1368\hotspot\src\share\vm\prims\jvm.cpp:1244
Event: 61.603 Thread 0x00000000024de000 Threw 0x00000007d657c460 at C:\re\jdk7u67\1368\hotspot\src\share\vm\prims\jvm.cpp:1244
Event: 61.603 Thread 0x00000000024de000 Threw 0x00000007d657cb50 at C:\re\jdk7u67\1368\hotspot\src\share\vm\prims\jvm.cpp:1244
Event: 61.604 Thread 0x00000000024de000 Threw 0x00000007d6581e40 at C:\re\jdk7u67\1368\hotspot\src\share\vm\prims\jvm.cpp:1244
Event: 61.604 Thread 0x00000000024de000 Threw 0x00000007d65824f0 at C:\re\jdk7u67\1368\hotspot\src\share\vm\prims\jvm.cpp:1244
Event: 61.604 Thread 0x00000000024de000 Threw 0x00000007d6585d50 at C:\re\jdk7u67\1368\hotspot\src\share\vm\prims\jvm.cpp:1244
Event: 61.604 Thread 0x00000000024de000 Threw 0x00000007d6586640 at C:\re\jdk7u67\1368\hotspot\src\share\vm\prims\jvm.cpp:1244
Event: 61.605 Thread 0x00000000024de000 Threw 0x00000007d658cd70 at C:\re\jdk7u67\1368\hotspot\src\share\vm\prims\jvm.cpp:1244
Event: 61.605 Thread 0x00000000024de000 Threw 0x00000007d658d630 at C:\re\jdk7u67\1368\hotspot\src\share\vm\prims\jvm.cpp:1244

Events (10 events):
Event: 63.596 Executing VM operation: BulkRevokeBias
Event: 63.596 Executing VM operation: BulkRevokeBias done
Event: 63.596 Executing VM operation: RevokeBias
Event: 63.596 Executing VM operation: RevokeBias done
Event: 63.619 Thread 0x000000000a9ed000 flushing nmethod 0x000000000269bc10
Event: 65.622 Thread 0x000000000a9ed000 flushing nmethod 0x00000000026af410
Event: 65.678 Thread 0x000000000a9df000 flushing nmethod 0x0000000002753f50
Event: 65.678 Thread 0x000000000a9df000 flushing nmethod 0x000000000275ac10
Event: 66.360 Executing VM operation: ParallelGCFailedAllocation
Event: 66.373 Executing VM operation: ParallelGCFailedAllocation done


Dynamic libraries:
0x00007ff6224f0000 - 0x00007ff622523000 	C:\Program Files\Java\jdk1.7.0_67\bin\java.exe
0x00007ff86a360000 - 0x00007ff86a50c000 	C:\WINDOWS\SYSTEM32\ntdll.dll
0x00007ff8695b0000 - 0x00007ff8696ee000 	C:\WINDOWS\system32\KERNEL32.DLL
0x00007ff867580000 - 0x00007ff867695000 	C:\WINDOWS\system32\KERNELBASE.dll
0x00007ff865790000 - 0x00007ff86581e000 	C:\WINDOWS\system32\apphelp.dll
0x00007ff84e940000 - 0x00007ff84e993000 	C:\WINDOWS\AppPatch\AppPatch64\AcGenral.DLL
0x00007ff869ce0000 - 0x00007ff869d8a000 	C:\WINDOWS\system32\msvcrt.dll
0x00007ff867310000 - 0x00007ff86733e000 	C:\WINDOWS\SYSTEM32\SspiCli.dll
0x00007ff869f80000 - 0x00007ff869fd4000 	C:\WINDOWS\system32\SHLWAPI.dll
0x00007ff8699a0000 - 0x00007ff869b17000 	C:\WINDOWS\system32\USER32.dll
0x00007ff869800000 - 0x00007ff869994000 	C:\WINDOWS\system32\ole32.dll
0x00007ff868090000 - 0x00007ff8695a8000 	C:\WINDOWS\system32\SHELL32.dll
0x00007ff866a90000 - 0x00007ff866ab1000 	C:\WINDOWS\SYSTEM32\USERENV.dll
0x00007ff86a110000 - 0x00007ff86a1ba000 	C:\WINDOWS\system32\ADVAPI32.dll
0x00007ff859d00000 - 0x00007ff859d1e000 	C:\WINDOWS\SYSTEM32\MPR.dll
0x00007ff867f40000 - 0x00007ff868081000 	C:\WINDOWS\system32\RPCRT4.dll
0x00007ff8679e0000 - 0x00007ff867a39000 	C:\WINDOWS\SYSTEM32\sechost.dll
0x00007ff867ba0000 - 0x00007ff867db1000 	C:\WINDOWS\SYSTEM32\combase.dll
0x00007ff867a40000 - 0x00007ff867b91000 	C:\WINDOWS\system32\GDI32.dll
0x00007ff8674b0000 - 0x00007ff8674c5000 	C:\WINDOWS\SYSTEM32\profapi.dll
0x00007ff865470000 - 0x00007ff865522000 	C:\WINDOWS\SYSTEM32\SHCORE.dll
0x00007ff8697c0000 - 0x00007ff8697f6000 	C:\WINDOWS\system32\IMM32.DLL
0x00007ff867de0000 - 0x00007ff867f32000 	C:\WINDOWS\system32\MSCTF.dll
0x00007ff867460000 - 0x00007ff867491000 	C:\Windows\system32\nvinitx.dll
0x000000000f000000 - 0x000000000f006000 	C:\Program Files\NVIDIA Corporation\CoProcManager\detoured.dll
0x00007ff8650a0000 - 0x00007ff8650ff000 	C:\Program Files\NVIDIA Corporation\CoProcManager\nvd3d9wrapx.dll
0x00007ff869d90000 - 0x00007ff869f6a000 	C:\WINDOWS\system32\SETUPAPI.dll
0x00007ff867700000 - 0x00007ff86774f000 	C:\WINDOWS\system32\CFGMGR32.dll
0x00007ff865050000 - 0x00007ff865096000 	C:\Program Files\NVIDIA Corporation\CoProcManager\nvdxgiwrapx.dll
0x00007ff866520000 - 0x00007ff86679b000 	C:\WINDOWS\WinSxS\amd64_microsoft.windows.common-controls_6595b64144ccf1df_6.0.9600.17784_none_624760d1ecb7236e\COMCTL32.dll
0x00000000545b0000 - 0x0000000054682000 	C:\Program Files\Java\jdk1.7.0_67\jre\bin\msvcr100.dll
0x0000000053950000 - 0x0000000054122000 	C:\Program Files\Java\jdk1.7.0_67\jre\bin\server\jvm.dll
0x00007ff85ed70000 - 0x00007ff85ed79000 	C:\WINDOWS\SYSTEM32\WSOCK32.dll
0x00007ff864c10000 - 0x00007ff864c32000 	C:\WINDOWS\SYSTEM32\WINMM.dll
0x00007ff869b20000 - 0x00007ff869b27000 	C:\WINDOWS\system32\PSAPI.DLL
0x00007ff86a1d0000 - 0x00007ff86a22a000 	C:\WINDOWS\system32\WS2_32.dll
0x00007ff864970000 - 0x00007ff86499a000 	C:\WINDOWS\SYSTEM32\WINMMBASE.dll
0x00007ff869f70000 - 0x00007ff869f79000 	C:\WINDOWS\system32\NSI.dll
0x00007ff865ca0000 - 0x00007ff865cc8000 	C:\WINDOWS\SYSTEM32\DEVOBJ.dll
0x00000000545a0000 - 0x00000000545af000 	C:\Program Files\Java\jdk1.7.0_67\jre\bin\verify.dll
0x0000000054570000 - 0x0000000054598000 	C:\Program Files\Java\jdk1.7.0_67\jre\bin\java.dll
0x0000000054550000 - 0x0000000054565000 	C:\Program Files\Java\jdk1.7.0_67\jre\bin\zip.dll
0x00007ff866db0000 - 0x00007ff866dd0000 	C:\WINDOWS\SYSTEM32\CRYPTSP.dll
0x00007ff866980000 - 0x00007ff8669b6000 	C:\WINDOWS\system32\rsaenh.dll
0x00007ff867000000 - 0x00007ff867026000 	C:\WINDOWS\SYSTEM32\bcrypt.dll
0x00007ff867340000 - 0x00007ff8673a3000 	C:\WINDOWS\system32\bcryptprimitives.dll
0x00007ff8673b0000 - 0x00007ff8673bb000 	C:\WINDOWS\SYSTEM32\CRYPTBASE.dll
0x0000000054530000 - 0x0000000054549000 	C:\Program Files\Java\jdk1.7.0_67\jre\bin\net.dll
0x00007ff866d50000 - 0x00007ff866da9000 	C:\WINDOWS\system32\mswsock.dll
0x00007ff860ff0000 - 0x00007ff86101a000 	C:\WINDOWS\SYSTEM32\IPHLPAPI.DLL
0x00007ff860fd0000 - 0x00007ff860fda000 	C:\WINDOWS\SYSTEM32\WINNSI.DLL
0x00007ff860860000 - 0x00007ff860876000 	C:\WINDOWS\SYSTEM32\dhcpcsvc6.DLL
0x00007ff860ce0000 - 0x00007ff860cfa000 	C:\WINDOWS\SYSTEM32\dhcpcsvc.DLL
0x0000000054510000 - 0x0000000054521000 	C:\Program Files\Java\jdk1.7.0_67\jre\bin\nio.dll
0x0000000053920000 - 0x0000000053944000 	C:\Program Files\Java\jdk1.7.0_67\jre\bin\sunec.dll
0x0000000054500000 - 0x000000005450b000 	C:\Program Files\Java\jdk1.7.0_67\jre\bin\sunmscapi.dll
0x00007ff867800000 - 0x00007ff8679df000 	C:\WINDOWS\system32\CRYPT32.dll
0x0000000002030000 - 0x0000000002041000 	C:\WINDOWS\system32\MSASN1.dll
0x00007ff866b50000 - 0x00007ff866bf4000 	C:\WINDOWS\SYSTEM32\DNSAPI.dll
0x0000000054b80000 - 0x0000000054ba6000 	C:\Program Files\Bonjour\mdnsNSP.dll
0x00007ff85c770000 - 0x00007ff85c77a000 	C:\Windows\System32\rasadhlp.dll
0x00007ff860c70000 - 0x00007ff860cdb000 	C:\WINDOWS\System32\fwpuclnt.dll
0x00007ff85c330000 - 0x00007ff85c345000 	C:\WINDOWS\system32\napinsp.dll
0x00007ff85c2d0000 - 0x00007ff85c2ea000 	C:\WINDOWS\system32\pnrpnsp.dll
0x00007ff863dc0000 - 0x00007ff863ddb000 	C:\WINDOWS\system32\NLAapi.dll
0x00007ff85c2c0000 - 0x00007ff85c2cd000 	C:\WINDOWS\System32\winrnr.dll
0x00007ff85c2a0000 - 0x00007ff85c2b4000 	C:\WINDOWS\system32\wshbth.dll

VM Arguments:
jvm_args: -Xmx2048M -Dcom.android.sdkmanager.toolsdir=D:/Program Files (x86)/Android/android-sdk\tools -Dfile.encoding=UTF8 
java_command: D:/Program Files/Unity/Editor/Data/BuildTargetTools/AndroidPlayer\sdktools.jar android update sdk -a -u -t tool,platform-tool,build-tools-21.1.1
Launcher Type: SUN_STANDARD

Environment Variables:
PATH=D:\Python27\;D:\Python27\Scripts;C:\ProgramData\Oracle\Java\javapath;D:\opencv\build\x64\vc11\bin;D:\opencv\build\x86\vc11\bin;C:\Program Files (x86)\Intel\OpenCL SDK\2.0\bin\x86;C:\Program Files (x86)\Intel\OpenCL SDK\2.0\bin\x64;C:\Program Files (x86)\Microsoft SQL Server\100\Tools\Binn\;C:\Program Files\Microsoft SQL Server\100\Tools\Binn\;C:\Program Files\Microsoft SQL Server\100\DTS\Binn\;D:\CTEX\UserData\miktex\bin;D:\CTEX\MiKTeX\miktex\bin;D:\CTEX\CTeX\ctex\bin;D:\CTEX\CTeX\cct\bin;D:\CTEX\CTeX\ty\bin;D:\CTEX\Ghostscript\gs9.05\bin;D:\CTEX\GSview\gsview;D:\CTEX\WinEdt;C:\Program Files (x86)\Windows Kits\8.1\Windows Performance Toolkit\;C:\Program Files\Microsoft SQL Server\110\Tools\Binn\;C:\Program Files (x86)\Microsoft SDKs\TypeScript\1.0\;C:\Program Files\Microsoft SQL Server\120\Tools\Binn\;D:\Program Files\nodejs\;D:\Program Files (x86)\Heroku\bin;C:\Program Files (x86)\git\cmd;D:\PROGRA~3\ATT\Graphviz\bin;D:\PROGRA~3\ATT\Graphviz\bin\tools;C:\PROGRA~2\ATT\Graphviz\bin;C:\PROGRA~2\ATT\Graphviz\bin\tools;D:\Program Files (x86)\Skype\Phone\;D:\opencv\build\x64\vc11\bin;D:\opencv\build\x64\vc11\staticlib;C:\Users\Yifei Xie\AppData\Roaming\npm
USERNAME=Yifei Xie
OS=Windows_NT
PROCESSOR_IDENTIFIER=Intel64 Family 6 Model 42 Stepping 7, GenuineIntel



---------------  S Y S T E M  ---------------

OS: Windows 8.1 , 64 bit Build 9600 

CPU:total 4 (2 cores per cpu, 2 threads per core) family 6 model 42 stepping 7, cmov, cx8, fxsr, mmx, sse, sse2, sse3, ssse3, sse4.1, sse4.2, popcnt, avx, aes, ht, tsc, tscinvbit

Memory: 4k page, physical 6175980k(1281124k free), swap 9321708k(35752k free)

vm_info: Java HotSpot(TM) 64-Bit Server VM (24.65-b04) for windows-amd64 JRE (1.7.0_67-b01), built on Jul 25 2014 08:55:00 by "java_re" with unknown MS VC++:1600

time: Sun Jun 07 17:32:03 2015
elapsed time: 66 seconds

